==899764== exp-sgcheck, a stack and global array overrun detector
==899764== NOTE: This is an Experimental-Class Valgrind Tool
==899764== Copyright (C) 2003-2017, and GNU GPL'd, by OpenWorks Ltd et al.
==899764== Using Valgrind-3.15.0 and LibVEX; rerun with -h for copyright info
==899764== Command: ./build/us_pc/sm64.us.f3dex2e
==899764== Parent PID: 10640
==899764== 
--899764-- warning: evaluate_Dwarf3_Expr: unhandled DW_OP_ 0x93
--899764-- warning: evaluate_Dwarf3_Expr: unhandled DW_OP_ 0x93
--899764-- warning: evaluate_Dwarf3_Expr: unhandled DW_OP_ 0x93
--899764-- warning: evaluate_Dwarf3_Expr: unhandled DW_OP_ 0x93
--899764-- warning: evaluate_Dwarf3_Expr: unhandled DW_OP_ 0x93
--899764-- warning: evaluate_Dwarf3_Expr: unhandled DW_OP_ 0x93
--899764-- warning: evaluate_Dwarf3_Expr: unhandled DW_OP_ 0x93
--899764-- warning: evaluate_Dwarf3_Expr: unhandled DW_OP_ 0x93

parse DIE(readdwarf3.c:3123): confused by:
 <0><19f35>: Abbrev Number: 1 (DW_TAG_compile_unit)
     DW_AT_producer    : (indirect string, offset: 0x6663): clang LLVM (rustc version 1.39.0-nightly (6ef275e6c 2019-09-24))	
     DW_AT_language    : 28	
     DW_AT_name        : (indirect string, offset: 0x66a4): src/libstd/lib.rs	
     DW_AT_stmt_list   : 46860	
     DW_AT_comp_dir    : (indirect string, offset: 0x66b6): /rustc/6ef275e6c3cb1384ec78128eceeb4963ff788dca/	
     DW_AT_???         : 1	
     DW_AT_low_pc      : 0x0	
     DW_AT_ranges      : 240976	
parse_type_DIE:
--899764-- WARNING: Serious error when reading debug info
--899764-- When reading debug info from /home/djoslin/sm64ex-coop/lib/discordsdk/libdiscord_game_sdk.so:
--899764-- confused by the above DIE
==899764== Warning: noted but unhandled ioctl 0x6444 with no size/direction hints.
==899764==    This could cause spurious value errors to appear.
==899764==    See README_MISSING_SYSCALL_OR_IOCTL for guidance on writing a proper wrapper.
==899764== Warning: unimplemented fcntl command: 1033
==899764== Warning: unimplemented fcntl command: 1033
==899764== Warning: bogus DWARF3 info: overlapping stack blocks
==899764== Warning: bogus DWARF3 info: overlapping stack blocks
==899764== Warning: bogus DWARF3 info: overlapping stack blocks
==899764== Further instances of this message will not be shown
